<?xml version="1.0" encoding="UTF-8"?>
<testng-results skipped="0" failed="0" ignored="0" total="1" passed="1">
  <reporter-output>
  </reporter-output>
  <suite name="Default suite" duration-ms="23649" started-at="2021-08-20T06:06:19Z" finished-at="2021-08-20T06:06:43Z">
    <groups>
    </groups>
    <test name="Default test" duration-ms="23649" started-at="2021-08-20T06:06:19Z" finished-at="2021-08-20T06:06:43Z">
      <class name="com.selenium.webdriver.concepts.ToolTip_Handling">
        <test-method status="PASS" signature="f()[pri:0, instance:com.selenium.webdriver.concepts.ToolTip_Handling@cc285f4]" name="f" duration-ms="23597" started-at="2021-08-20T11:36:20Z" finished-at="2021-08-20T11:36:43Z">
          <reporter-output>
          </reporter-output>
        </test-method> <!-- f -->
      </class> <!-- com.selenium.webdriver.concepts.ToolTip_Handling -->
    </test> <!-- Default test -->
  </suite> <!-- Default suite -->
</testng-results>
